--- Copying files at Tue Jun  5 03:51:16 UTC 2018
INSTALLED init.groovy.d/tcp-slave-agent-port.groovy
INSTALLED plugins/git-client.jpi : 2.7.2
INSTALLED plugins/handy-uri-templates-2-api.jpi : 2.1.6-1.0
INSTALLED plugins/cloudbees-bitbucket-branch-source.jpi : 2.2.11
INSTALLED plugins/htmlpublisher.jpi : 1.16
INSTALLED plugins/blueocean-i18n.jpi : 1.5.0
INSTALLED plugins/github-branch-source.jpi : 2.3.4
INSTALLED plugins/blueocean-autofavorite.jpi : 1.2.2
INSTALLED plugins/authentication-tokens.jpi : 1.3
INSTALLED plugins/pipeline-graph-analysis.jpi : 1.6
INSTALLED plugins/matrix-project.jpi : 1.13
INSTALLED plugins/workflow-step-api.jpi : 2.15
INSTALLED plugins/matrix-auth.jpi : 2.2
INSTALLED plugins/pubsub-light.jpi : 1.12
INSTALLED plugins/blueocean.jpi : 1.5.0
INSTALLED plugins/pipeline-build-step.jpi : 2.7
INSTALLED plugins/ace-editor.jpi : 1.1
INSTALLED plugins/blueocean-dashboard.jpi : 1.5.0
INSTALLED plugins/workflow-cps.jpi : 2.53
INSTALLED plugins/pipeline-model-definition.jpi : 1.2.9
INSTALLED plugins/mailer.jpi : 1.21
INSTALLED plugins/pipeline-input-step.jpi : 2.8
INSTALLED plugins/pipeline-model-extensions.jpi : 1.2.9
INSTALLED plugins/credentials.jpi : 2.1.16
INSTALLED plugins/blueocean-events.jpi : 1.5.0
INSTALLED plugins/workflow-basic-steps.jpi : 2.7
INSTALLED plugins/jquery-detached.jpi : 1.2.1
INSTALLED plugins/structs.jpi : 1.14
INSTALLED plugins/plain-credentials.jpi : 1.4
INSTALLED plugins/branch-api.jpi : 2.0.20
INSTALLED plugins/blueocean-web.jpi : 1.5.0
INSTALLED plugins/variant.jpi : 1.1
INSTALLED plugins/jackson2-api.jpi : 2.8.11.2
INSTALLED plugins/junit.jpi : 1.24
INSTALLED plugins/pipeline-model-api.jpi : 1.2.9
INSTALLED plugins/pipeline-milestone-step.jpi : 1.3.1
INSTALLED plugins/workflow-multibranch.jpi : 2.19
INSTALLED plugins/apache-httpcomponents-client-4-api.jpi : 4.5.5-2.1
INSTALLED plugins/workflow-cps-global-lib.jpi : 2.9
INSTALLED plugins/blueocean-jira.jpi : 1.5.0
INSTALLED plugins/blueocean-personalization.jpi : 1.5.0
INSTALLED plugins/scm-api.jpi : 2.2.7
INSTALLED plugins/git.jpi : 3.9.0
INSTALLED plugins/pipeline-model-declarative-agent.jpi : 1.1.1
INSTALLED plugins/docker-commons.jpi : 1.13
INSTALLED plugins/github-api.jpi : 1.90
INSTALLED plugins/blueocean-display-url.jpi : 2.2.0
INSTALLED plugins/jsch.jpi : 0.1.54.2
INSTALLED plugins/blueocean-config.jpi : 1.5.0
INSTALLED plugins/script-security.jpi : 1.44
INSTALLED plugins/blueocean-rest.jpi : 1.5.0
INSTALLED plugins/antisamy-markup-formatter.jpi : 1.5
INSTALLED plugins/blueocean-commons.jpi : 1.5.0
INSTALLED plugins/pipeline-stage-step.jpi : 2.3
INSTALLED plugins/favorite.jpi : 2.3.2
INSTALLED plugins/sse-gateway.jpi : 1.15
INSTALLED plugins/jenkins-design-language.jpi : 1.5.0
INSTALLED plugins/blueocean-pipeline-api-impl.jpi : 1.5.0
INSTALLED plugins/workflow-scm-step.jpi : 2.6
INSTALLED plugins/token-macro.jpi : 2.5
INSTALLED plugins/jira.jpi : 3.0.0
INSTALLED plugins/credentials-binding.jpi : 1.16
INSTALLED plugins/cloudbees-folder.jpi : 6.4
INSTALLED plugins/workflow-support.jpi : 2.18
INSTALLED plugins/blueocean-rest-impl.jpi : 1.5.0
INSTALLED plugins/display-url-api.jpi : 2.2.0
INSTALLED plugins/blueocean-pipeline-scm-api.jpi : 1.5.0
INSTALLED plugins/blueocean-jwt.jpi : 1.5.0
INSTALLED plugins/durable-task.jpi : 1.22
INSTALLED plugins/docker-workflow.jpi : 1.17
INSTALLED plugins/mercurial.jpi : 2.3
INSTALLED plugins/workflow-durable-task-step.jpi : 2.19
INSTALLED plugins/blueocean-pipeline-editor.jpi : 1.5.0
INSTALLED plugins/blueocean-git-pipeline.jpi : 1.5.0
INSTALLED plugins/blueocean-bitbucket-pipeline.jpi : 1.5.0
INSTALLED plugins/workflow-job.jpi : 2.21
INSTALLED plugins/github.jpi : 1.29.0
INSTALLED plugins/blueocean-github-pipeline.jpi : 1.5.0
INSTALLED plugins/git-server.jpi : 1.7
INSTALLED plugins/workflow-api.jpi : 2.27
INSTALLED plugins/pipeline-stage-tags-metadata.jpi : 1.2.9
INSTALLED plugins/blueocean-core-js.jpi : 1.5.0
INSTALLED plugins/ssh-credentials.jpi : 1.13
--- Copying files at Tue Jun  5 05:57:51 UTC 2018
SKIPPED plugins/github-branch-source.jpi : Installed version (2.3.5) has been manually upgraded from initial version (2.3.4)
SKIPPED plugins/jackson2-api.jpi : Installed version (2.8.11.3) has been manually upgraded from initial version (2.8.11.2)
SKIPPED plugins/git.jpi : Installed version (3.9.1) has been manually upgraded from initial version (3.9.0)
SKIPPED plugins/github.jpi : Installed version (1.29.1) has been manually upgraded from initial version (1.29.0)
--- Copying files at Tue Jun  5 06:23:53 UTC 2018
SKIPPED plugins/github-branch-source.jpi : Installed version (2.3.5) has been manually upgraded from initial version (2.3.4)
SKIPPED plugins/jackson2-api.jpi : Installed version (2.8.11.3) has been manually upgraded from initial version (2.8.11.2)
SKIPPED plugins/git.jpi : Installed version (3.9.1) has been manually upgraded from initial version (3.9.0)
SKIPPED plugins/github.jpi : Installed version (1.29.1) has been manually upgraded from initial version (1.29.0)
--- Copying files at Tue Jun  5 06:26:43 UTC 2018
SKIPPED plugins/github-branch-source.jpi : Installed version (2.3.5) has been manually upgraded from initial version (2.3.4)
SKIPPED plugins/jackson2-api.jpi : Installed version (2.8.11.3) has been manually upgraded from initial version (2.8.11.2)
SKIPPED plugins/git.jpi : Installed version (3.9.1) has been manually upgraded from initial version (3.9.0)
SKIPPED plugins/github.jpi : Installed version (1.29.1) has been manually upgraded from initial version (1.29.0)
--- Copying files at Tue Jun  5 07:13:20 UTC 2018
SKIPPED plugins/github-branch-source.jpi : Installed version (2.3.5) has been manually upgraded from initial version (2.3.4)
SKIPPED plugins/jackson2-api.jpi : Installed version (2.8.11.3) has been manually upgraded from initial version (2.8.11.2)
SKIPPED plugins/git.jpi : Installed version (3.9.1) has been manually upgraded from initial version (3.9.0)
SKIPPED plugins/github.jpi : Installed version (1.29.1) has been manually upgraded from initial version (1.29.0)
--- Copying files at Tue Jun  5 08:00:06 UTC 2018
SKIPPED plugins/github-branch-source.jpi : Installed version (2.3.5) has been manually upgraded from initial version (2.3.4)
SKIPPED plugins/jackson2-api.jpi : Installed version (2.8.11.3) has been manually upgraded from initial version (2.8.11.2)
SKIPPED plugins/git.jpi : Installed version (3.9.1) has been manually upgraded from initial version (3.9.0)
SKIPPED plugins/github.jpi : Installed version (1.29.1) has been manually upgraded from initial version (1.29.0)
--- Copying files at Tue Jun  5 08:04:26 UTC 2018
SKIPPED plugins/jackson2-api.jpi : Installed version (2.8.11.3) has been manually upgraded from initial version (2.8.11.2)
SKIPPED plugins/github-branch-source.jpi : Installed version (2.3.5) has been manually upgraded from initial version (2.3.4)
SKIPPED plugins/git.jpi : Installed version (3.9.1) has been manually upgraded from initial version (3.9.0)
SKIPPED plugins/github.jpi : Installed version (1.29.1) has been manually upgraded from initial version (1.29.0)
--- Copying files at Tue Jun  5 08:50:42 UTC 2018
SKIPPED plugins/jackson2-api.jpi : Installed version (2.8.11.3) has been manually upgraded from initial version (2.8.11.2)
SKIPPED plugins/github-branch-source.jpi : Installed version (2.3.5) has been manually upgraded from initial version (2.3.4)
SKIPPED plugins/git.jpi : Installed version (3.9.1) has been manually upgraded from initial version (3.9.0)
SKIPPED plugins/github.jpi : Installed version (1.29.1) has been manually upgraded from initial version (1.29.0)
